ft8af/app/build/intermediates/manifest_merge_blame_file/debug/processDebugMainManifest/manifest-merger-blame-debug-report.txt
1<?xml version="1.0" encoding="utf-8"?>
2<manifest xmlns:android="http://schemas.android.com/apk/res/android"
3    package="radio.ks3ckc.sstvaf"
4    android:versionCode="1"
5    android:versionName="0.1.0-dev" >
6
7    <uses-sdk
8        android:minSdkVersion="23"
9        android:targetSdkVersion="35" />
10    <!-- Recording and file storage permissions are needed for audio recording and storage -->
11    <uses-permission android:name="android.permission.RECORD_AUDIO" /> <!-- Data storage permission -->
11-->src\main\AndroidManifest.xml:4:5-71
11-->src\main\AndroidManifest.xml:4:22-68
12    <!-- <uses-permission -->
13    <!-- android:name="android.permission.WRITE_EXTERNAL_STORAGE" -->
14    <!-- tools:ignore="ScopedStorage" /> -->
15    <!-- Allow access to CellID or WiFi hotspots for coarse location -->
16    <uses-permission android:name="android.permission.ACCESS_COARSE_LOCATION" /> <!-- For GPS location access -->
16-->src\main\AndroidManifest.xml:9:5-81
16-->src\main\AndroidManifest.xml:9:22-78
17    <uses-permission android:name="android.permission.ACCESS_FINE_LOCATION" />
17-->src\main\AndroidManifest.xml:10:5-79
17-->src\main\AndroidManifest.xml:10:22-76
18    <uses-permission android:name="android.permission.ACCESS_WIFI_STATE" />
18-->src\main\AndroidManifest.xml:11:5-76
18-->src\main\AndroidManifest.xml:11:22-73
19    <uses-permission
19-->src\main\AndroidManifest.xml:12:5-14:38
20        android:name="android.permission.BLUETOOTH"
20-->src\main\AndroidManifest.xml:13:9-52
21        android:maxSdkVersion="30" />
21-->src\main\AndroidManifest.xml:14:9-35
22    <uses-permission android:name="android.permission.BLUETOOTH_CONNECT" />
22-->src\main\AndroidManifest.xml:15:5-76
22-->src\main\AndroidManifest.xml:15:22-73
23    <uses-permission android:name="android.permission.BLUETOOTH_SCAN" />
23-->src\main\AndroidManifest.xml:16:5-73
23-->src\main\AndroidManifest.xml:16:22-70
24    <uses-permission
24-->src\main\AndroidManifest.xml:17:5-19:38
25        android:name="android.permission.BLUETOOTH_ADMIN"
25-->src\main\AndroidManifest.xml:18:9-58
26        android:maxSdkVersion="30" />
26-->src\main\AndroidManifest.xml:19:9-35
27    <uses-permission android:name="android.permission.MODIFY_AUDIO_SETTINGS" />
27-->src\main\AndroidManifest.xml:20:5-80
27-->src\main\AndroidManifest.xml:20:22-77
28    <uses-permission android:name="android.permission.WAKE_LOCK" />
28-->src\main\AndroidManifest.xml:21:5-68
28-->src\main\AndroidManifest.xml:21:22-65
29    <uses-permission android:name="android.permission.INTERNET" />
29-->src\main\AndroidManifest.xml:22:5-67
29-->src\main\AndroidManifest.xml:22:22-64
30    <!-- Observe connectivity so offline-logged QSOs auto-upload when the network returns. -->
31    <uses-permission android:name="android.permission.ACCESS_NETWORK_STATE" />
31-->src\main\AndroidManifest.xml:24:5-79
31-->src\main\AndroidManifest.xml:24:22-76
32    <!-- Foreground RX service notification (Android 13+). -->
33    <uses-permission android:name="android.permission.POST_NOTIFICATIONS" />
33-->src\main\AndroidManifest.xml:26:5-77
33-->src\main\AndroidManifest.xml:26:22-74
34    <!--
35         Foreground RX service: keep FT8 decode + mic capture alive in the background
36         (Android 14 mutes background mic without a microphone-typed foreground service).
37    -->
38    <uses-permission android:name="android.permission.FOREGROUND_SERVICE" />
38-->src\main\AndroidManifest.xml:29:5-77
38-->src\main\AndroidManifest.xml:29:22-74
39    <uses-permission android:name="android.permission.FOREGROUND_SERVICE_MICROPHONE" />
39-->src\main\AndroidManifest.xml:30:5-88
39-->src\main\AndroidManifest.xml:30:22-85
40
41    <permission
41-->[androidx.core:core:1.13.0] AndroidManifest.xml:22:5-24:47
42        android:name="radio.ks3ckc.sstvaf.DYNAMIC_RECEIVER_NOT_EXPORTED_PERMISSION"
42-->[androidx.core:core:1.13.0] AndroidManifest.xml:23:9-81
43        android:protectionLevel="signature" />
43-->[androidx.core:core:1.13.0] AndroidManifest.xml:24:9-44
44
45    <uses-permission android:name="radio.ks3ckc.sstvaf.DYNAMIC_RECEIVER_NOT_EXPORTED_PERMISSION" />
45-->[androidx.core:core:1.13.0] AndroidManifest.xml:26:5-97
45-->[androidx.core:core:1.13.0] AndroidManifest.xml:26:22-94
46
47    <application
47-->src\main\AndroidManifest.xml:32:5-109:19
48        android:allowBackup="false"
48-->src\main\AndroidManifest.xml:33:9-36
49        android:appComponentFactory="androidx.core.app.CoreComponentFactory"
49-->[androidx.core:core:1.13.0] AndroidManifest.xml:28:18-86
50        android:dataExtractionRules="@xml/data_extraction_rules"
50-->src\main\AndroidManifest.xml:34:9-65
51        android:debuggable="true"
52        android:extractNativeLibs="false"
53        android:icon="@mipmap/ic_launcher"
53-->src\main\AndroidManifest.xml:36:9-43
54        android:label="@string/app_name"
54-->src\main\AndroidManifest.xml:37:9-41
55        android:localeConfig="@xml/locales_config"
55-->src\main\AndroidManifest.xml:40:9-51
56        android:networkSecurityConfig="@xml/network_security_config"
56-->src\main\AndroidManifest.xml:35:9-69
57        android:roundIcon="@mipmap/ic_launcher_round"
57-->src\main\AndroidManifest.xml:38:9-54
58        android:supportsRtl="true"
58-->src\main\AndroidManifest.xml:39:9-35
59        android:theme="@style/Theme.SstvAf" >
59-->src\main\AndroidManifest.xml:41:9-44
60
61        <!-- New Compose-based main activity -->
62        <activity
62-->src\main\AndroidManifest.xml:43:9-75:20
63            android:name="radio.ks3ckc.sstvaf.ComposeMainActivity"
63-->src\main\AndroidManifest.xml:44:13-67
64            android:configChanges="orientation|screenSize|smallestScreenSize|keyboardHidden|screenLayout|uiMode"
64-->src\main\AndroidManifest.xml:47:13-113
65            android:exported="true"
65-->src\main\AndroidManifest.xml:45:13-36
66            android:launchMode="singleTask" >
66-->src\main\AndroidManifest.xml:46:13-44
67            <intent-filter>
67-->src\main\AndroidManifest.xml:48:13-51:29
68                <action android:name="android.intent.action.MAIN" />
68-->src\main\AndroidManifest.xml:49:17-69
68-->src\main\AndroidManifest.xml:49:25-66
69
70                <category android:name="android.intent.category.LAUNCHER" />
70-->src\main\AndroidManifest.xml:50:17-77
70-->src\main\AndroidManifest.xml:50:27-74
71            </intent-filter>
72            <intent-filter>
72-->src\main\AndroidManifest.xml:52:13-54:29
73                <action android:name="android.hardware.usb.action.USB_DEVICE_ATTACHED" />
73-->src\main\AndroidManifest.xml:53:17-90
73-->src\main\AndroidManifest.xml:53:25-87
74            </intent-filter>
75            <!-- Associated launch files -->
76            <intent-filter>
76-->src\main\AndroidManifest.xml:56:13-71:29
77                <action android:name="android.intent.action.VIEW" />
77-->src\main\AndroidManifest.xml:57:17-69
77-->src\main\AndroidManifest.xml:57:25-66
78
79                <category android:name="android.intent.category.DEFAULT" />
79-->src\main\AndroidManifest.xml:58:17-76
79-->src\main\AndroidManifest.xml:58:27-73
80
81                <data android:scheme="file" />
81-->src\main\AndroidManifest.xml:59:17-47
81-->src\main\AndroidManifest.xml:59:23-44
82                <data android:scheme="content" />
82-->src\main\AndroidManifest.xml:59:17-47
82-->src\main\AndroidManifest.xml:59:23-44
83                <data android:pathPattern=".*\\.txt" />
83-->src\main\AndroidManifest.xml:59:17-47
83-->src\main\AndroidManifest.xml:61:23-53
84                <data android:pathPattern=".*\\..*\\.txt" />
84-->src\main\AndroidManifest.xml:59:17-47
84-->src\main\AndroidManifest.xml:61:23-53
85                <data android:pathPattern=".*\\..*\\..*\\.txt" />
85-->src\main\AndroidManifest.xml:59:17-47
85-->src\main\AndroidManifest.xml:61:23-53
86                <data android:pathPattern=".*\\..*\\..*\\..*\\.txt" />
86-->src\main\AndroidManifest.xml:59:17-47
86-->src\main\AndroidManifest.xml:61:23-53
87                <data android:pathPattern=".*\\.adi" />
87-->src\main\AndroidManifest.xml:59:17-47
87-->src\main\AndroidManifest.xml:61:23-53
88                <data android:pathPattern=".*\\..*\\.adi" />
88-->src\main\AndroidManifest.xml:59:17-47
88-->src\main\AndroidManifest.xml:61:23-53
89                <data android:pathPattern=".*\\..*\\..*\\.adi" />
89-->src\main\AndroidManifest.xml:59:17-47
89-->src\main\AndroidManifest.xml:61:23-53
90                <data android:pathPattern=".*\\..*\\..*\\..*\\.adi" />
90-->src\main\AndroidManifest.xml:59:17-47
90-->src\main\AndroidManifest.xml:61:23-53
91                <data android:mimeType="text/plain" />
91-->src\main\AndroidManifest.xml:59:17-47
91-->src\main\AndroidManifest.xml:69:23-52
92                <data android:mimeType="application/octet-stream" />
92-->src\main\AndroidManifest.xml:59:17-47
92-->src\main\AndroidManifest.xml:69:23-52
93            </intent-filter>
94
95            <meta-data
95-->src\main\AndroidManifest.xml:72:13-74:57
96                android:name="android.hardware.usb.action.USB_DEVICE_ATTACHED"
96-->src\main\AndroidManifest.xml:73:17-79
97                android:resource="@xml/device_filter" />
97-->src\main\AndroidManifest.xml:74:17-54
98        </activity>
99
100        <service
100-->src\main\AndroidManifest.xml:77:9-79:40
101            android:name="com.k1af.ft8af.bluetooth.BluetoothSerialService"
101-->src\main\AndroidManifest.xml:78:13-61
102            android:exported="false" />
102-->src\main\AndroidManifest.xml:79:13-37
103
104        <!--
105             Keeps RX decode + audio capture running when the app is backgrounded or
106             screen-off so CQ-reply / QSO-complete alerts keep firing.
107        -->
108        <service
108-->src\main\AndroidManifest.xml:83:9-86:58
109            android:name="com.k1af.ft8af.service.RxForegroundService"
109-->src\main\AndroidManifest.xml:84:13-70
110            android:exported="false"
110-->src\main\AndroidManifest.xml:85:13-37
111            android:foregroundServiceType="microphone" />
111-->src\main\AndroidManifest.xml:86:13-55
112
113        <!--
114             Persists the user's per-app language choice (AppCompatDelegate
115             .setApplicationLocales) on Android 12 and below. On Android 13+
116             the framework LocaleManager stores it; this is the AndroidX backport.
117        -->
118        <service
118-->src\main\AndroidManifest.xml:91:9-98:19
119            android:name="androidx.appcompat.app.AppLocalesMetadataHolderService"
119-->src\main\AndroidManifest.xml:92:13-82
120            android:enabled="false"
120-->src\main\AndroidManifest.xml:93:13-36
121            android:exported="false" >
121-->src\main\AndroidManifest.xml:94:13-37
122            <meta-data
122-->src\main\AndroidManifest.xml:95:13-97:40
123                android:name="autoStoreLocales"
123-->src\main\AndroidManifest.xml:96:17-48
124                android:value="true" />
124-->src\main\AndroidManifest.xml:97:17-37
125        </service>
126
127        <provider
128            android:name="androidx.core.content.FileProvider"
128-->src\main\AndroidManifest.xml:101:13-62
129            android:authorities="radio.ks3ckc.sstvaf.fileprovider"
129-->src\main\AndroidManifest.xml:102:13-64
130            android:exported="false"
130-->src\main\AndroidManifest.xml:103:13-37
131            android:grantUriPermissions="true" >
131-->src\main\AndroidManifest.xml:104:13-47
132            <meta-data
132-->src\main\AndroidManifest.xml:105:13-107:53
133                android:name="android.support.FILE_PROVIDER_PATHS"
133-->src\main\AndroidManifest.xml:106:17-67
134                android:resource="@xml/filepaths" />
134-->src\main\AndroidManifest.xml:107:17-50
135        </provider>
136
137        <activity
137-->[androidx.compose.ui:ui-tooling-android:1.6.1] AndroidManifest.xml:23:9-25:39
138            android:name="androidx.compose.ui.tooling.PreviewActivity"
138-->[androidx.compose.ui:ui-tooling-android:1.6.1] AndroidManifest.xml:24:13-71
139            android:exported="true" />
139-->[androidx.compose.ui:ui-tooling-android:1.6.1] AndroidManifest.xml:25:13-36
140
141        <uses-library
141-->[androidx.window:window:1.0.0] AndroidManifest.xml:25:9-27:40
142            android:name="androidx.window.extensions"
142-->[androidx.window:window:1.0.0] AndroidManifest.xml:26:13-54
143            android:required="false" />
143-->[androidx.window:window:1.0.0] AndroidManifest.xml:27:13-37
144        <uses-library
144-->[androidx.window:window:1.0.0] AndroidManifest.xml:28:9-30:40
145            android:name="androidx.window.sidecar"
145-->[androidx.window:window:1.0.0] AndroidManifest.xml:29:13-51
146            android:required="false" />
146-->[androidx.window:window:1.0.0] AndroidManifest.xml:30:13-37
147
148        <provider
148-->[androidx.emoji2:emoji2:1.3.0] AndroidManifest.xml:24:9-32:20
149            android:name="androidx.startup.InitializationProvider"
149-->[androidx.emoji2:emoji2:1.3.0] AndroidManifest.xml:25:13-67
150            android:authorities="radio.ks3ckc.sstvaf.androidx-startup"
150-->[androidx.emoji2:emoji2:1.3.0] AndroidManifest.xml:26:13-68
151            android:exported="false" >
151-->[androidx.emoji2:emoji2:1.3.0] AndroidManifest.xml:27:13-37
152            <meta-data
152-->[androidx.emoji2:emoji2:1.3.0] AndroidManifest.xml:29:13-31:52
153                android:name="androidx.emoji2.text.EmojiCompatInitializer"
153-->[androidx.emoji2:emoji2:1.3.0] AndroidManifest.xml:30:17-75
154                android:value="androidx.startup" />
154-->[androidx.emoji2:emoji2:1.3.0] AndroidManifest.xml:31:17-49
155            <meta-data
155-->[androidx.lifecycle:lifecycle-process:2.7.0] AndroidManifest.xml:29:13-31:52
156                android:name="androidx.lifecycle.ProcessLifecycleInitializer"
156-->[androidx.lifecycle:lifecycle-process:2.7.0] AndroidManifest.xml:30:17-78
157                android:value="androidx.startup" />
157-->[androidx.lifecycle:lifecycle-process:2.7.0] AndroidManifest.xml:31:17-49
158            <meta-data
158-->[androidx.profileinstaller:profileinstaller:1.3.1] AndroidManifest.xml:29:13-31:52
159                android:name="androidx.profileinstaller.ProfileInstallerInitializer"
159-->[androidx.profileinstaller:profileinstaller:1.3.1] AndroidManifest.xml:30:17-85
160                android:value="androidx.startup" />
160-->[androidx.profileinstaller:profileinstaller:1.3.1] AndroidManifest.xml:31:17-49
161        </provider>
162
163        <activity
163-->[androidx.compose.ui:ui-test-manifest:1.6.1] AndroidManifest.xml:23:9-25:39
164            android:name="androidx.activity.ComponentActivity"
164-->[androidx.compose.ui:ui-test-manifest:1.6.1] AndroidManifest.xml:24:13-63
165            android:exported="true" />
165-->[androidx.compose.ui:ui-test-manifest:1.6.1] AndroidManifest.xml:25:13-36
166
167        <receiver
167-->[androidx.profileinstaller:profileinstaller:1.3.1] AndroidManifest.xml:34:9-52:20
168            android:name="androidx.profileinstaller.ProfileInstallReceiver"
168-->[androidx.profileinstaller:profileinstaller:1.3.1] AndroidManifest.xml:35:13-76
169            android:directBootAware="false"
169-->[androidx.profileinstaller:profileinstaller:1.3.1] AndroidManifest.xml:36:13-44
170            android:enabled="true"
170-->[androidx.profileinstaller:profileinstaller:1.3.1] AndroidManifest.xml:37:13-35
171            android:exported="true"
171-->[androidx.profileinstaller:profileinstaller:1.3.1] AndroidManifest.xml:38:13-36
172            android:permission="android.permission.DUMP" >
172-->[androidx.profileinstaller:profileinstaller:1.3.1] AndroidManifest.xml:39:13-57
173            <intent-filter>
173-->[androidx.profileinstaller:profileinstaller:1.3.1] AndroidManifest.xml:40:13-42:29
174                <action android:name="androidx.profileinstaller.action.INSTALL_PROFILE" />
174-->[androidx.profileinstaller:profileinstaller:1.3.1] AndroidManifest.xml:41:17-91
174-->[androidx.profileinstaller:profileinstaller:1.3.1] AndroidManifest.xml:41:25-88
175            </intent-filter>
176            <intent-filter>
176-->[androidx.profileinstaller:profileinstaller:1.3.1] AndroidManifest.xml:43:13-45:29
177                <action android:name="androidx.profileinstaller.action.SKIP_FILE" />
177-->[androidx.profileinstaller:profileinstaller:1.3.1] AndroidManifest.xml:44:17-85
177-->[androidx.profileinstaller:profileinstaller:1.3.1] AndroidManifest.xml:44:25-82
178            </intent-filter>
179            <intent-filter>
179-->[androidx.profileinstaller:profileinstaller:1.3.1] AndroidManifest.xml:46:13-48:29
180                <action android:name="androidx.profileinstaller.action.SAVE_PROFILE" />
180-->[androidx.profileinstaller:profileinstaller:1.3.1] AndroidManifest.xml:47:17-88
180-->[androidx.profileinstaller:profileinstaller:1.3.1] AndroidManifest.xml:47:25-85
181            </intent-filter>
182            <intent-filter>
182-->[androidx.profileinstaller:profileinstaller:1.3.1] AndroidManifest.xml:49:13-51:29
183                <action android:name="androidx.profileinstaller.action.BENCHMARK_OPERATION" />
183-->[androidx.profileinstaller:profileinstaller:1.3.1] AndroidManifest.xml:50:17-95
183-->[androidx.profileinstaller:profileinstaller:1.3.1] AndroidManifest.xml:50:25-92
184            </intent-filter>
185        </receiver>
186    </application>
187
188</manifest>